生成启动时间为 2015/6/10 22:16:46。
     1>项目“C:\Users\Administrator\Documents\Visual Studio 2010\Projects\Interview\Interview\Interview.vcxproj”在节点 2 上(build 个目标)。
     1>InitializeBuildStatus:
         正在对“Debug\Interview.unsuccessfulbuild”执行 Touch 任务。
       ClCompile:
         C:\Program Files (x86)\Microsoft Visual Studio 10.0\VC\bin\CL.exe /c /ZI /nologo /W3 /WX- /Od /Oy- /D WIN32 /D _DEBUG /D _CONSOLE /D _UNICODE /D UNICODE /Gm /EHsc /RTC1 /MDd /GS /fp:precise /Zc:wchar_t /Zc:forScope /Fo"Debug\\" /Fd"Debug\vc100.pdb" /Gd /TP /analyze- /errorReport:prompt BigNumMulti.cpp
         BigNumMulti.cpp
         所有输出均为最新。
       Link:
         C:\Program Files (x86)\Microsoft Visual Studio 10.0\VC\bin\link.exe /ERRORREPORT:PROMPT /OUT:"C:\Users\Administrator\Documents\Visual Studio 2010\Projects\Interview\Debug\Interview.exe" /INCREMENTAL:NO /NOLOGO kernel32.lib user32.lib gdi32.lib winspool.lib comdlg32.lib advapi32.lib shell32.lib ole32.lib oleaut32.lib uuid.lib odbc32.lib odbccp32.lib /MANIFEST /ManifestFile:"Debug\Interview.exe.intermediate.manifest" /MANIFESTUAC:"level='asInvoker' uiAccess='false'" /DEBUG /PDB:"C:\Users\Administrator\Documents\Visual Studio 2010\Projects\Interview\Debug\Interview.pdb" /SUBSYSTEM:CONSOLE /TLBID:1 /DYNAMICBASE /NXCOMPAT /IMPLIB:"C:\Users\Administrator\Documents\Visual Studio 2010\Projects\Interview\Debug\Interview.lib" /MACHINE:X86 Debug\BigNumMulti.obj
         Debug\BitMap.obj
         Debug\ClimbStairs.obj
         Debug\CountSort.obj
         Debug\DP_01pack.obj
         Debug\DP_completePack.obj
         Debug\DP_matrix.obj
         Debug\DuplicatedNumber.obj
         Debug\DutchFlags.obj
         Debug\FindGreatestSubArr.obj
         Debug\FindNumberAppearOnce.obj
         Debug\Graph.obj
         Debug\Graph_Dijkstra.obj
         Debug\Heap.obj
         Debug\insert_sort.obj
         Debug\InversePairs.obj
         Debug\knapsack.obj
         Debug\LongestDescend.obj
         Debug\maxHeapSort_copy.obj
         Debug\maxHeapSort_me.obj
         Debug\MergeSort.obj
         Debug\NumbersAppearHalf.obj
         Debug\OddEven.obj
         Debug\QuickSort.obj
         Debug\Random.obj
         Debug\RoateMatrix.obj
         Debug\SUM3.obj
         Debug\BinarySearch.obj
         Debug\CountChars.obj
         Debug\DeleteChars.obj
         Debug\DeleteNode_O1.obj
         Debug\FindNumberWithSum.obj
         Debug\FindNumberWithSum_Pro.obj
         Debug\FirstAppearChar.obj
         Debug\FirstCommonNode.obj
         Debug\GetLastKNode.obj
         Debug\GetLeastKNumbers.obj
         Debug\IsPalindrome_list.obj
         Debug\IsPalindrome_str.obj
         Debug\MergeSortedArr.obj
         Debug\MergeSortedList.obj
         Debug\Permutation.obj
         Debug\Str2Int.obj
         Debug\StringContains.obj
         Debug\test.obj
         Debug\Test.obj
         Debug\Top_K.obj
         Debug\Tree_BinarySearch.obj
         Debug\TwoStackQueue.obj
     1>BigNumMulti.obj : warning LNK4075: 忽略“/EDITANDCONTINUE”(由于“/INCREMENTAL:NO”规范)
     1>Debug\Test.obj : warning LNK4042: 对象被多次指定；已忽略多余的指定
         Interview.vcxproj -> C:\Users\Administrator\Documents\Visual Studio 2010\Projects\Interview\Debug\Interview.exe
       Manifest:
         C:\Program Files (x86)\Microsoft SDKs\Windows\v7.0A\bin\mt.exe /nologo /verbose /out:"C:\Users\Administrator\Documents\Visual Studio 2010\Projects\Interview\Debug\Interview.exe.manifest" /manifest Debug\Interview.exe.intermediate.manifest
       FinalizeBuildStatus:
         正在删除文件“Debug\Interview.unsuccessfulbuild”。
         正在对“Debug\Interview.lastbuildstate”执行 Touch 任务。
     1>已完成生成项目“C:\Users\Administrator\Documents\Visual Studio 2010\Projects\Interview\Interview\Interview.vcxproj”(build 个目标)的操作。

生成成功。

已用时间 00:00:01.53
