C:\Users\Administrator\documents\visual studio 2010\Projects\Interview\Debug\Interview.pdb
C:\USERS\ADMINISTRATOR\DOCUMENTS\VISUAL STUDIO 2010\PROJECTS\INTERVIEW\INTERVIEW\DEBUG\BIGNUMMULTI.OBJ
C:\USERS\ADMINISTRATOR\DOCUMENTS\VISUAL STUDIO 2010\PROJECTS\INTERVIEW\INTERVIEW\DEBUG\BINARYSEARCH.OBJ
C:\USERS\ADMINISTRATOR\DOCUMENTS\VISUAL STUDIO 2010\PROJECTS\INTERVIEW\INTERVIEW\DEBUG\BITMAP.OBJ
C:\Users\Administrator\documents\visual studio 2010\Projects\Interview\Interview\Debug\cl.command.1.tlog
C:\Users\Administrator\documents\visual studio 2010\Projects\Interview\Interview\Debug\CL.read.1.tlog
C:\Users\Administrator\documents\visual studio 2010\Projects\Interview\Interview\Debug\CL.write.1.tlog
C:\USERS\ADMINISTRATOR\DOCUMENTS\VISUAL STUDIO 2010\PROJECTS\INTERVIEW\INTERVIEW\DEBUG\CLIMBSTAIRS.OBJ
C:\USERS\ADMINISTRATOR\DOCUMENTS\VISUAL STUDIO 2010\PROJECTS\INTERVIEW\INTERVIEW\DEBUG\COUNTCHARS.OBJ
C:\USERS\ADMINISTRATOR\DOCUMENTS\VISUAL STUDIO 2010\PROJECTS\INTERVIEW\INTERVIEW\DEBUG\COUNTSORT.OBJ
C:\USERS\ADMINISTRATOR\DOCUMENTS\VISUAL STUDIO 2010\PROJECTS\INTERVIEW\INTERVIEW\DEBUG\DELETECHARS.OBJ
C:\USERS\ADMINISTRATOR\DOCUMENTS\VISUAL STUDIO 2010\PROJECTS\INTERVIEW\INTERVIEW\DEBUG\DELETENODE_O1.OBJ
C:\USERS\ADMINISTRATOR\DOCUMENTS\VISUAL STUDIO 2010\PROJECTS\INTERVIEW\INTERVIEW\DEBUG\DP_01PACK.OBJ
C:\USERS\ADMINISTRATOR\DOCUMENTS\VISUAL STUDIO 2010\PROJECTS\INTERVIEW\INTERVIEW\DEBUG\DP_COMPLETEPACK.OBJ
C:\USERS\ADMINISTRATOR\DOCUMENTS\VISUAL STUDIO 2010\PROJECTS\INTERVIEW\INTERVIEW\DEBUG\DP_MATRIX.OBJ
C:\USERS\ADMINISTRATOR\DOCUMENTS\VISUAL STUDIO 2010\PROJECTS\INTERVIEW\INTERVIEW\DEBUG\DUPLICATEDNUMBER.OBJ
C:\USERS\ADMINISTRATOR\DOCUMENTS\VISUAL STUDIO 2010\PROJECTS\INTERVIEW\INTERVIEW\DEBUG\DUTCHFLAGS.OBJ
C:\USERS\ADMINISTRATOR\DOCUMENTS\VISUAL STUDIO 2010\PROJECTS\INTERVIEW\INTERVIEW\DEBUG\FINDGREATESTSUBARR.OBJ
C:\USERS\ADMINISTRATOR\DOCUMENTS\VISUAL STUDIO 2010\PROJECTS\INTERVIEW\INTERVIEW\DEBUG\FINDNUMBERAPPEARONCE.OBJ
C:\USERS\ADMINISTRATOR\DOCUMENTS\VISUAL STUDIO 2010\PROJECTS\INTERVIEW\INTERVIEW\DEBUG\FINDNUMBERWITHSUM.OBJ
C:\USERS\ADMINISTRATOR\DOCUMENTS\VISUAL STUDIO 2010\PROJECTS\INTERVIEW\INTERVIEW\DEBUG\FINDNUMBERWITHSUM_PRO.OBJ
C:\USERS\ADMINISTRATOR\DOCUMENTS\VISUAL STUDIO 2010\PROJECTS\INTERVIEW\INTERVIEW\DEBUG\FIRSTAPPEARCHAR.OBJ
C:\USERS\ADMINISTRATOR\DOCUMENTS\VISUAL STUDIO 2010\PROJECTS\INTERVIEW\INTERVIEW\DEBUG\FIRSTCOMMONNODE.OBJ
C:\USERS\ADMINISTRATOR\DOCUMENTS\VISUAL STUDIO 2010\PROJECTS\INTERVIEW\INTERVIEW\DEBUG\GETLASTKNODE.OBJ
C:\USERS\ADMINISTRATOR\DOCUMENTS\VISUAL STUDIO 2010\PROJECTS\INTERVIEW\INTERVIEW\DEBUG\GETLEASTKNUMBERS.OBJ
C:\USERS\ADMINISTRATOR\DOCUMENTS\VISUAL STUDIO 2010\PROJECTS\INTERVIEW\INTERVIEW\DEBUG\GRAPH.OBJ
C:\USERS\ADMINISTRATOR\DOCUMENTS\VISUAL STUDIO 2010\PROJECTS\INTERVIEW\INTERVIEW\DEBUG\GRAPH_DIJKSTRA.OBJ
C:\USERS\ADMINISTRATOR\DOCUMENTS\VISUAL STUDIO 2010\PROJECTS\INTERVIEW\INTERVIEW\DEBUG\HEAP.OBJ
C:\Users\Administrator\documents\visual studio 2010\Projects\Interview\Interview\Debug\Interview.exe.intermediate.manifest
C:\Users\Administrator\documents\visual studio 2010\Projects\Interview\Interview\Debug\Interview.write.1.tlog
C:\USERS\ADMINISTRATOR\DOCUMENTS\VISUAL STUDIO 2010\PROJECTS\INTERVIEW\INTERVIEW\DEBUG\INVERSEPAIRS.OBJ
C:\USERS\ADMINISTRATOR\DOCUMENTS\VISUAL STUDIO 2010\PROJECTS\INTERVIEW\INTERVIEW\DEBUG\ISPALINDROME_LIST.OBJ
C:\USERS\ADMINISTRATOR\DOCUMENTS\VISUAL STUDIO 2010\PROJECTS\INTERVIEW\INTERVIEW\DEBUG\ISPALINDROME_STR.OBJ
C:\USERS\ADMINISTRATOR\DOCUMENTS\VISUAL STUDIO 2010\PROJECTS\INTERVIEW\INTERVIEW\DEBUG\KNAPSACK.OBJ
C:\Users\Administrator\documents\visual studio 2010\Projects\Interview\Interview\Debug\link.command.1.tlog
C:\Users\Administrator\documents\visual studio 2010\Projects\Interview\Interview\Debug\link.read.1.tlog
C:\Users\Administrator\documents\visual studio 2010\Projects\Interview\Interview\Debug\link.write.1.tlog
C:\USERS\ADMINISTRATOR\DOCUMENTS\VISUAL STUDIO 2010\PROJECTS\INTERVIEW\INTERVIEW\DEBUG\LONGESTDESCEND.OBJ
C:\USERS\ADMINISTRATOR\DOCUMENTS\VISUAL STUDIO 2010\PROJECTS\INTERVIEW\INTERVIEW\DEBUG\MAXHEAPSORT_COPY.OBJ
C:\USERS\ADMINISTRATOR\DOCUMENTS\VISUAL STUDIO 2010\PROJECTS\INTERVIEW\INTERVIEW\DEBUG\MAXHEAPSORT_ME.OBJ
C:\USERS\ADMINISTRATOR\DOCUMENTS\VISUAL STUDIO 2010\PROJECTS\INTERVIEW\INTERVIEW\DEBUG\MERGESORT.OBJ
C:\USERS\ADMINISTRATOR\DOCUMENTS\VISUAL STUDIO 2010\PROJECTS\INTERVIEW\INTERVIEW\DEBUG\MERGESORTEDARR.OBJ
C:\USERS\ADMINISTRATOR\DOCUMENTS\VISUAL STUDIO 2010\PROJECTS\INTERVIEW\INTERVIEW\DEBUG\MERGESORTEDLIST.OBJ
C:\USERS\ADMINISTRATOR\DOCUMENTS\VISUAL STUDIO 2010\PROJECTS\INTERVIEW\INTERVIEW\DEBUG\NUMBERSAPPEARHALF.OBJ
C:\USERS\ADMINISTRATOR\DOCUMENTS\VISUAL STUDIO 2010\PROJECTS\INTERVIEW\INTERVIEW\DEBUG\ODDEVEN.OBJ
C:\USERS\ADMINISTRATOR\DOCUMENTS\VISUAL STUDIO 2010\PROJECTS\INTERVIEW\INTERVIEW\DEBUG\PERMUTATION.OBJ
C:\USERS\ADMINISTRATOR\DOCUMENTS\VISUAL STUDIO 2010\PROJECTS\INTERVIEW\INTERVIEW\DEBUG\QUICKSORT.OBJ
C:\USERS\ADMINISTRATOR\DOCUMENTS\VISUAL STUDIO 2010\PROJECTS\INTERVIEW\INTERVIEW\DEBUG\RANDOM.OBJ
C:\USERS\ADMINISTRATOR\DOCUMENTS\VISUAL STUDIO 2010\PROJECTS\INTERVIEW\INTERVIEW\DEBUG\ROATEMATRIX.OBJ
C:\USERS\ADMINISTRATOR\DOCUMENTS\VISUAL STUDIO 2010\PROJECTS\INTERVIEW\INTERVIEW\DEBUG\STR2INT.OBJ
C:\USERS\ADMINISTRATOR\DOCUMENTS\VISUAL STUDIO 2010\PROJECTS\INTERVIEW\INTERVIEW\DEBUG\STRINGCONTAINS.OBJ
C:\USERS\ADMINISTRATOR\DOCUMENTS\VISUAL STUDIO 2010\PROJECTS\INTERVIEW\INTERVIEW\DEBUG\SUM3.OBJ
C:\USERS\ADMINISTRATOR\DOCUMENTS\VISUAL STUDIO 2010\PROJECTS\INTERVIEW\INTERVIEW\DEBUG\TEST.OBJ
C:\USERS\ADMINISTRATOR\DOCUMENTS\VISUAL STUDIO 2010\PROJECTS\INTERVIEW\INTERVIEW\DEBUG\TOP_K.OBJ
C:\USERS\ADMINISTRATOR\DOCUMENTS\VISUAL STUDIO 2010\PROJECTS\INTERVIEW\INTERVIEW\DEBUG\TREE_BINARYSEARCH.OBJ
C:\USERS\ADMINISTRATOR\DOCUMENTS\VISUAL STUDIO 2010\PROJECTS\INTERVIEW\INTERVIEW\DEBUG\TWOSTACKQUEUE.OBJ
C:\Users\Administrator\documents\visual studio 2010\Projects\Interview\Interview\Debug\vc100.idb
C:\USERS\ADMINISTRATOR\DOCUMENTS\VISUAL STUDIO 2010\PROJECTS\INTERVIEW\INTERVIEW\DEBUG\VC100.PDB
